May 28 2023 07:13:59
{"Number":8192,"Message":"rtrim(): Passing null to parameter #1 ($string) of type string is deprecated","File":"\/Users\/jeanchane-to\/Desktop\/LAP-DEV\/Wordpress\/chic-dressing\/app\/public\/wp-includes\/formatting.php","Line":2809}

May 28 2023 07:13:59
{"Number":8192,"Message":"rtrim(): Passing null to parameter #1 ($string) of type string is deprecated","File":"\/Users\/jeanchane-to\/Desktop\/LAP-DEV\/Wordpress\/chic-dressing\/app\/public\/wp-includes\/formatting.php","Line":2809}

May 28 2023 07:13:59
{"Number":8192,"Message":"rtrim(): Passing null to parameter #1 ($string) of type string is deprecated","File":"\/Users\/jeanchane-to\/Desktop\/LAP-DEV\/Wordpress\/chic-dressing\/app\/public\/wp-includes\/formatting.php","Line":2809}

May 28 2023 07:13:59
{"Number":8192,"Message":"rtrim(): Passing null to parameter #1 ($string) of type string is deprecated","File":"\/Users\/jeanchane-to\/Desktop\/LAP-DEV\/Wordpress\/chic-dressing\/app\/public\/wp-includes\/formatting.php","Line":2809}

May 28 2023 07:13:59
{"Number":8192,"Message":"rtrim(): Passing null to parameter #1 ($string) of type string is deprecated","File":"\/Users\/jeanchane-to\/Desktop\/LAP-DEV\/Wordpress\/chic-dressing\/app\/public\/wp-includes\/formatting.php","Line":2809}

May 28 2023 07:13:59
{"Number":8192,"Message":"rtrim(): Passing null to parameter #1 ($string) of type string is deprecated","File":"\/Users\/jeanchane-to\/Desktop\/LAP-DEV\/Wordpress\/chic-dressing\/app\/public\/wp-includes\/formatting.php","Line":2809}

May 28 2023 07:13:59
{"Number":8192,"Message":"rtrim(): Passing null to parameter #1 ($string) of type string is deprecated","File":"\/Users\/jeanchane-to\/Desktop\/LAP-DEV\/Wordpress\/chic-dressing\/app\/public\/wp-includes\/formatting.php","Line":2809}

May 28 2023 07:13:59
{"Number":8192,"Message":"rtrim(): Passing null to parameter #1 ($string) of type string is deprecated","File":"\/Users\/jeanchane-to\/Desktop\/LAP-DEV\/Wordpress\/chic-dressing\/app\/public\/wp-includes\/formatting.php","Line":2809}

May 28 2023 07:13:59
{"Number":8192,"Message":"rtrim(): Passing null to parameter #1 ($string) of type string is deprecated","File":"\/Users\/jeanchane-to\/Desktop\/LAP-DEV\/Wordpress\/chic-dressing\/app\/public\/wp-includes\/formatting.php","Line":2809}

May 28 2023 07:13:59
{"Number":8192,"Message":"rtrim(): Passing null to parameter #1 ($string) of type string is deprecated","File":"\/Users\/jeanchane-to\/Desktop\/LAP-DEV\/Wordpress\/chic-dressing\/app\/public\/wp-includes\/formatting.php","Line":2809}

May 28 2023 07:13:59
{"Number":8192,"Message":"rtrim(): Passing null to parameter #1 ($string) of type string is deprecated","File":"\/Users\/jeanchane-to\/Desktop\/LAP-DEV\/Wordpress\/chic-dressing\/app\/public\/wp-includes\/formatting.php","Line":2809}

May 28 2023 07:13:59
{"Number":8192,"Message":"rtrim(): Passing null to parameter #1 ($string) of type string is deprecated","File":"\/Users\/jeanchane-to\/Desktop\/LAP-DEV\/Wordpress\/chic-dressing\/app\/public\/wp-includes\/formatting.php","Line":2809}

May 28 2023 07:13:59
{"Number":8192,"Message":"rtrim(): Passing null to parameter #1 ($string) of type string is deprecated","File":"\/Users\/jeanchane-to\/Desktop\/LAP-DEV\/Wordpress\/chic-dressing\/app\/public\/wp-includes\/formatting.php","Line":2809}

May 28 2023 07:13:59
{"Number":8192,"Message":"rtrim(): Passing null to parameter #1 ($string) of type string is deprecated","File":"\/Users\/jeanchane-to\/Desktop\/LAP-DEV\/Wordpress\/chic-dressing\/app\/public\/wp-includes\/formatting.php","Line":2809}

May 28 2023 07:13:59
{"Number":8192,"Message":"rtrim(): Passing null to parameter #1 ($string) of type string is deprecated","File":"\/Users\/jeanchane-to\/Desktop\/LAP-DEV\/Wordpress\/chic-dressing\/app\/public\/wp-includes\/formatting.php","Line":2809}

May 28 2023 07:13:59
{"Number":8192,"Message":"rtrim(): Passing null to parameter #1 ($string) of type string is deprecated","File":"\/Users\/jeanchane-to\/Desktop\/LAP-DEV\/Wordpress\/chic-dressing\/app\/public\/wp-includes\/formatting.php","Line":2809}

May 28 2023 07:13:59
{"Number":8192,"Message":"rtrim(): Passing null to parameter #1 ($string) of type string is deprecated","File":"\/Users\/jeanchane-to\/Desktop\/LAP-DEV\/Wordpress\/chic-dressing\/app\/public\/wp-includes\/formatting.php","Line":2809}

May 28 2023 07:13:59
{"Number":8192,"Message":"rtrim(): Passing null to parameter #1 ($string) of type string is deprecated","File":"\/Users\/jeanchane-to\/Desktop\/LAP-DEV\/Wordpress\/chic-dressing\/app\/public\/wp-includes\/formatting.php","Line":2809}

May 28 2023 07:13:59
{"Number":8192,"Message":"rtrim(): Passing null to parameter #1 ($string) of type string is deprecated","File":"\/Users\/jeanchane-to\/Desktop\/LAP-DEV\/Wordpress\/chic-dressing\/app\/public\/wp-includes\/formatting.php","Line":2809}

May 28 2023 07:13:59
{"Number":8192,"Message":"rtrim(): Passing null to parameter #1 ($string) of type string is deprecated","File":"\/Users\/jeanchane-to\/Desktop\/LAP-DEV\/Wordpress\/chic-dressing\/app\/public\/wp-includes\/formatting.php","Line":2809}

May 28 2023 07:13:59
{"Number":8192,"Message":"rtrim(): Passing null to parameter #1 ($string) of type string is deprecated","File":"\/Users\/jeanchane-to\/Desktop\/LAP-DEV\/Wordpress\/chic-dressing\/app\/public\/wp-includes\/formatting.php","Line":2809}

May 28 2023 07:13:59
{"Number":8192,"Message":"rtrim(): Passing null to parameter #1 ($string) of type string is deprecated","File":"\/Users\/jeanchane-to\/Desktop\/LAP-DEV\/Wordpress\/chic-dressing\/app\/public\/wp-includes\/formatting.php","Line":2809}

May 28 2023 07:13:59
{"Number":8192,"Message":"rtrim(): Passing null to parameter #1 ($string) of type string is deprecated","File":"\/Users\/jeanchane-to\/Desktop\/LAP-DEV\/Wordpress\/chic-dressing\/app\/public\/wp-includes\/formatting.php","Line":2809}

May 28 2023 07:13:59
{"Number":8192,"Message":"rtrim(): Passing null to parameter #1 ($string) of type string is deprecated","File":"\/Users\/jeanchane-to\/Desktop\/LAP-DEV\/Wordpress\/chic-dressing\/app\/public\/wp-includes\/formatting.php","Line":2809}

May 28 2023 07:13:59
{"Number":8192,"Message":"rtrim(): Passing null to parameter #1 ($string) of type string is deprecated","File":"\/Users\/jeanchane-to\/Desktop\/LAP-DEV\/Wordpress\/chic-dressing\/app\/public\/wp-includes\/formatting.php","Line":2809}

May 28 2023 07:13:59
{"Number":8192,"Message":"rtrim(): Passing null to parameter #1 ($string) of type string is deprecated","File":"\/Users\/jeanchane-to\/Desktop\/LAP-DEV\/Wordpress\/chic-dressing\/app\/public\/wp-includes\/formatting.php","Line":2809}

May 28 2023 07:13:59
{"Number":8192,"Message":"rtrim(): Passing null to parameter #1 ($string) of type string is deprecated","File":"\/Users\/jeanchane-to\/Desktop\/LAP-DEV\/Wordpress\/chic-dressing\/app\/public\/wp-includes\/formatting.php","Line":2809}

May 28 2023 07:13:59
{"Number":8192,"Message":"rtrim(): Passing null to parameter #1 ($string) of type string is deprecated","File":"\/Users\/jeanchane-to\/Desktop\/LAP-DEV\/Wordpress\/chic-dressing\/app\/public\/wp-includes\/formatting.php","Line":2809}

May 28 2023 07:13:59
{"Number":8192,"Message":"rtrim(): Passing null to parameter #1 ($string) of type string is deprecated","File":"\/Users\/jeanchane-to\/Desktop\/LAP-DEV\/Wordpress\/chic-dressing\/app\/public\/wp-includes\/formatting.php","Line":2809}

May 28 2023 07:13:59
{"Number":8192,"Message":"rtrim(): Passing null to parameter #1 ($string) of type string is deprecated","File":"\/Users\/jeanchane-to\/Desktop\/LAP-DEV\/Wordpress\/chic-dressing\/app\/public\/wp-includes\/formatting.php","Line":2809}

May 28 2023 07:13:59
{"Number":8192,"Message":"rtrim(): Passing null to parameter #1 ($string) of type string is deprecated","File":"\/Users\/jeanchane-to\/Desktop\/LAP-DEV\/Wordpress\/chic-dressing\/app\/public\/wp-includes\/formatting.php","Line":2809}

May 28 2023 07:13:59
{"Number":8192,"Message":"rtrim(): Passing null to parameter #1 ($string) of type string is deprecated","File":"\/Users\/jeanchane-to\/Desktop\/LAP-DEV\/Wordpress\/chic-dressing\/app\/public\/wp-includes\/formatting.php","Line":2809}

May 28 2023 07:13:59
{"Number":8192,"Message":"rtrim(): Passing null to parameter #1 ($string) of type string is deprecated","File":"\/Users\/jeanchane-to\/Desktop\/LAP-DEV\/Wordpress\/chic-dressing\/app\/public\/wp-includes\/formatting.php","Line":2809}

May 28 2023 07:13:59
{"Number":8192,"Message":"rtrim(): Passing null to parameter #1 ($string) of type string is deprecated","File":"\/Users\/jeanchane-to\/Desktop\/LAP-DEV\/Wordpress\/chic-dressing\/app\/public\/wp-includes\/formatting.php","Line":2809}

May 28 2023 07:13:59
{"Number":8192,"Message":"rtrim(): Passing null to parameter #1 ($string) of type string is deprecated","File":"\/Users\/jeanchane-to\/Desktop\/LAP-DEV\/Wordpress\/chic-dressing\/app\/public\/wp-includes\/formatting.php","Line":2809}

May 28 2023 07:13:59
{"Number":8192,"Message":"rtrim(): Passing null to parameter #1 ($string) of type string is deprecated","File":"\/Users\/jeanchane-to\/Desktop\/LAP-DEV\/Wordpress\/chic-dressing\/app\/public\/wp-includes\/formatting.php","Line":2809}

May 28 2023 07:14:02
{"Number":8192,"Message":"Return type of ActionScheduler_DateTime::setTimezone($timezone) should either be compatible with DateTime::setTimezone(DateTimeZone $timezone): DateTime, or the #[\\ReturnTypeWillChange] attribute should be used to temporarily suppress the notice","File":"\/Users\/jeanchane-to\/Desktop\/LAP-DEV\/Wordpress\/chic-dressing\/app\/public\/wp-content\/plugins\/woocommerce\/packages\/action-scheduler\/classes\/ActionScheduler_DateTime.php","Line":60}

May 28 2023 07:14:02
{"Number":8192,"Message":"Return type of ActionScheduler_DateTime::getOffset() should either be compatible with DateTime::getOffset(): int, or the #[\\ReturnTypeWillChange] attribute should be used to temporarily suppress the notice","File":"\/Users\/jeanchane-to\/Desktop\/LAP-DEV\/Wordpress\/chic-dressing\/app\/public\/wp-content\/plugins\/woocommerce\/packages\/action-scheduler\/classes\/ActionScheduler_DateTime.php","Line":48}

May 28 2023 07:14:02
{"Number":8192,"Message":"Return type of ActionScheduler_DateTime::getTimestamp() should either be compatible with DateTime::getTimestamp(): int, or the #[\\ReturnTypeWillChange] attribute should be used to temporarily suppress the notice","File":"\/Users\/jeanchane-to\/Desktop\/LAP-DEV\/Wordpress\/chic-dressing\/app\/public\/wp-content\/plugins\/woocommerce\/packages\/action-scheduler\/classes\/ActionScheduler_DateTime.php","Line":27}

May 28 2023 07:14:02
{"Number":8192,"Message":"DateTime::__construct(): Passing null to parameter #1 ($datetime) of type string is deprecated","File":"\/Users\/jeanchane-to\/Desktop\/LAP-DEV\/Wordpress\/chic-dressing\/app\/public\/wp-content\/plugins\/woocommerce\/packages\/action-scheduler\/functions.php","Line":316}

May 28 2023 07:14:02
{"type":8192,"message":"Return type of SkyVerge\\WooCommerce\\PluginFramework\\v5_10_0\\SV_WC_DateTime::getTimestamp() should either be compatible with DateTime::getTimestamp(): int, or the #[\\ReturnTypeWillChange] attribute should be used to temporarily suppress the notice","file":"\/Users\/jeanchane-to\/Desktop\/LAP-DEV\/Wordpress\/chic-dressing\/app\/public\/wp-content\/plugins\/facebook-for-woocommerce\/vendor\/skyverge\/wc-plugin-framework\/woocommerce\/compatibility\/class-sv-wc-datetime.php","line":85}

May 28 2023 07:14:02
{"type":8192,"message":"Return type of SkyVerge\\WooCommerce\\PluginFramework\\v5_10_0\\SV_WC_DateTime::getTimestamp() should either be compatible with DateTime::getTimestamp(): int, or the #[\\ReturnTypeWillChange] attribute should be used to temporarily suppress the notice","file":"\/Users\/jeanchane-to\/Desktop\/LAP-DEV\/Wordpress\/chic-dressing\/app\/public\/wp-content\/plugins\/facebook-for-woocommerce\/vendor\/skyverge\/wc-plugin-framework\/woocommerce\/compatibility\/class-sv-wc-datetime.php","line":85}

